[0.146s] DEBUG:colcon:Command line arguments: ['/usr/bin/colcon', 'build', '--symlink-install']
[0.146s] DEBUG:colcon:Parsed command line arguments: Namespace(log_base=None, log_level=None, verb_name='build', build_base='build', install_base='install', merge_install=False, symlink_install=True, test_result_base=None, continue_on_error=False, executor='parallel', parallel_workers=4, event_handlers=None, ignore_user_meta=False, metas=['./colcon.meta'], base_paths=['.'], packages_ignore=None, packages_ignore_regex=None, paths=None, packages_up_to=None, packages_up_to_regex=None, packages_above=None, packages_above_and_dependencies=None, packages_above_depth=None, packages_select_by_dep=None, packages_skip_by_dep=None, packages_skip_up_to=None, packages_select_build_failed=False, packages_skip_build_finished=False, packages_select_test_failures=False, packages_skip_test_passed=False, packages_select=None, packages_skip=None, packages_select_regex=None, packages_skip_regex=None, packages_start=None, packages_end=None, allow_overriding=[], cmake_args=None, cmake_target=None, cmake_target_skip_unavailable=False, cmake_clean_cache=False, cmake_clean_first=False, cmake_force_configure=False, ament_cmake_args=None, catkin_cmake_args=None, catkin_skip_building_tests=False, mixin_files=None, mixin=None, verb_parser=<colcon_mixin.mixin.mixin_argument.MixinArgumentDecorator object at 0x7356dfc61600>, verb_extension=<colcon_core.verb.build.BuildVerb object at 0x7356dfd72530>, main=<bound method BuildVerb.main of <colcon_core.verb.build.BuildVerb object at 0x7356dfd72530>>, mixin_verb=('build',))
[0.410s] Level 1:colcon.colcon_core.package_discovery:discover_packages(colcon_meta) check parameters
[0.410s] Level 1:colcon.colcon_core.package_discovery:discover_packages(recursive) check parameters
[0.410s] Level 1:colcon.colcon_core.package_discovery:discover_packages(ignore) check parameters
[0.411s] Level 1:colcon.colcon_core.package_discovery:discover_packages(path) check parameters
[0.411s] Level 1:colcon.colcon_core.package_discovery:discover_packages(colcon_meta) discover
[0.411s] Level 1:colcon.colcon_core.package_discovery:discover_packages(recursive) discover
[0.411s] INFO:colcon.colcon_core.package_discovery:Crawling recursively for packages in '/home/genesis/Desktop/pubsub_template_uros'
[0.411s] Level 1:colcon.colcon_core.package_identification:_identify(.) by extensions ['ignore', 'ignore_ament_install']
[0.411s] Level 1:colcon.colcon_core.package_identification:_identify(.) by extension 'ignore'
[0.411s] Level 1:colcon.colcon_core.package_identification:_identify(.) by extension 'ignore_ament_install'
[0.411s] Level 1:colcon.colcon_core.package_identification:_identify(.) by extensions ['colcon_pkg']
[0.411s] Level 1:colcon.colcon_core.package_identification:_identify(.) by extension 'colcon_pkg'
[0.411s] Level 1:colcon.colcon_core.package_identification:_identify(.) by extensions ['colcon_meta']
[0.411s] Level 1:colcon.colcon_core.package_identification:_identify(.) by extension 'colcon_meta'
[0.412s] Level 1:colcon.colcon_core.package_identification:_identify(.) by extensions ['ros']
[0.412s] Level 1:colcon.colcon_core.package_identification:_identify(.) by extension 'ros'
[0.426s] Level 1:colcon.colcon_core.package_identification:_identify(.) by extensions ['cmake', 'python']
[0.426s] Level 1:colcon.colcon_core.package_identification:_identify(.) by extension 'cmake'
[0.426s] Level 1:colcon.colcon_core.package_identification:_identify(.) by extension 'python'
[0.426s] Level 1:colcon.colcon_core.package_identification:_identify(.) by extensions ['python_setup_py']
[0.426s] Level 1:colcon.colcon_core.package_identification:_identify(.) by extension 'python_setup_py'
[0.426s] Level 1:colcon.colcon_core.package_identification:_identify(build) by extensions ['ignore', 'ignore_ament_install']
[0.426s] Level 1:colcon.colcon_core.package_identification:_identify(build) by extension 'ignore'
[0.426s] Level 1:colcon.colcon_core.package_identification:_identify(build) ignored
[0.426s] Level 1:colcon.colcon_core.package_identification:_identify(install) by extensions ['ignore', 'ignore_ament_install']
[0.427s] Level 1:colcon.colcon_core.package_identification:_identify(install) by extension 'ignore'
[0.427s] Level 1:colcon.colcon_core.package_identification:_identify(install) ignored
[0.427s] Level 1:colcon.colcon_core.package_identification:_identify(log) by extensions ['ignore', 'ignore_ament_install']
[0.427s] Level 1:colcon.colcon_core.package_identification:_identify(log) by extension 'ignore'
[0.427s] Level 1:colcon.colcon_core.package_identification:_identify(log) ignored
[0.427s] Level 1:colcon.colcon_core.package_identification:_identify(src) by extensions ['ignore', 'ignore_ament_install']
[0.427s] Level 1:colcon.colcon_core.package_identification:_identify(src) by extension 'ignore'
[0.427s] Level 1:colcon.colcon_core.package_identification:_identify(src) by extension 'ignore_ament_install'
[0.427s] Level 1:colcon.colcon_core.package_identification:_identify(src) by extensions ['colcon_pkg']
[0.427s] Level 1:colcon.colcon_core.package_identification:_identify(src) by extension 'colcon_pkg'
[0.427s] Level 1:colcon.colcon_core.package_identification:_identify(src) by extensions ['colcon_meta']
[0.427s] Level 1:colcon.colcon_core.package_identification:_identify(src) by extension 'colcon_meta'
[0.427s] Level 1:colcon.colcon_core.package_identification:_identify(src) by extensions ['ros']
[0.427s] Level 1:colcon.colcon_core.package_identification:_identify(src) by extension 'ros'
[0.428s] Level 1:colcon.colcon_core.package_identification:_identify(src) by extensions ['cmake', 'python']
[0.428s] Level 1:colcon.colcon_core.package_identification:_identify(src) by extension 'cmake'
[0.428s] Level 1:colcon.colcon_core.package_identification:_identify(src) by extension 'python'
[0.428s] Level 1:colcon.colcon_core.package_identification:_identify(src) by extensions ['python_setup_py']
[0.428s] Level 1:colcon.colcon_core.package_identification:_identify(src) by extension 'python_setup_py'
[0.428s] Level 1:colcon.colcon_core.package_identification:_identify(src/pubsub_template_uros) by extensions ['ignore', 'ignore_ament_install']
[0.428s] Level 1:colcon.colcon_core.package_identification:_identify(src/pubsub_template_uros) by extension 'ignore'
[0.428s] Level 1:colcon.colcon_core.package_identification:_identify(src/pubsub_template_uros) by extension 'ignore_ament_install'
[0.428s] Level 1:colcon.colcon_core.package_identification:_identify(src/pubsub_template_uros) by extensions ['colcon_pkg']
[0.428s] Level 1:colcon.colcon_core.package_identification:_identify(src/pubsub_template_uros) by extension 'colcon_pkg'
[0.428s] Level 1:colcon.colcon_core.package_identification:_identify(src/pubsub_template_uros) by extensions ['colcon_meta']
[0.428s] Level 1:colcon.colcon_core.package_identification:_identify(src/pubsub_template_uros) by extension 'colcon_meta'
[0.428s] Level 1:colcon.colcon_core.package_identification:_identify(src/pubsub_template_uros) by extensions ['ros']
[0.428s] Level 1:colcon.colcon_core.package_identification:_identify(src/pubsub_template_uros) by extension 'ros'
[0.431s] DEBUG:colcon.colcon_core.package_identification:Package 'src/pubsub_template_uros' with type 'ros.ament_cmake' and name 'pubsub_template_uros'
[0.432s] Level 1:colcon.colcon_core.package_discovery:discover_packages(recursive) using defaults
[0.432s] Level 1:colcon.colcon_core.package_discovery:discover_packages(ignore) discover
[0.432s] Level 1:colcon.colcon_core.package_discovery:discover_packages(ignore) using defaults
[0.432s] Level 1:colcon.colcon_core.package_discovery:discover_packages(path) discover
[0.432s] Level 1:colcon.colcon_core.package_discovery:discover_packages(path) using defaults
[0.471s] Level 1:colcon.colcon_core.package_discovery:discover_packages(prefix_path) check parameters
[0.472s] Level 1:colcon.colcon_core.package_discovery:discover_packages(prefix_path) discover
[0.474s] DEBUG:colcon.colcon_installed_package_information.package_discovery:Found 1 installed packages in /home/genesis/Desktop/pubsub_template_uros/install
[0.475s] DEBUG:colcon.colcon_installed_package_information.package_discovery:Found 270 installed packages in /opt/ros/humble
[0.477s] Level 1:colcon.colcon_core.package_discovery:discover_packages(prefix_path) using defaults
[0.535s] Level 5:colcon.colcon_core.verb:set package 'pubsub_template_uros' build argument 'cmake_args' from command line to 'None'
[0.535s] Level 5:colcon.colcon_core.verb:set package 'pubsub_template_uros' build argument 'cmake_target' from command line to 'None'
[0.535s] Level 5:colcon.colcon_core.verb:set package 'pubsub_template_uros' build argument 'cmake_target_skip_unavailable' from command line to 'False'
[0.535s] Level 5:colcon.colcon_core.verb:set package 'pubsub_template_uros' build argument 'cmake_clean_cache' from command line to 'False'
[0.535s] Level 5:colcon.colcon_core.verb:set package 'pubsub_template_uros' build argument 'cmake_clean_first' from command line to 'False'
[0.535s] Level 5:colcon.colcon_core.verb:set package 'pubsub_template_uros' build argument 'cmake_force_configure' from command line to 'False'
[0.535s] Level 5:colcon.colcon_core.verb:set package 'pubsub_template_uros' build argument 'ament_cmake_args' from command line to 'None'
[0.535s] Level 5:colcon.colcon_core.verb:set package 'pubsub_template_uros' build argument 'catkin_cmake_args' from command line to 'None'
[0.535s] Level 5:colcon.colcon_core.verb:set package 'pubsub_template_uros' build argument 'catkin_skip_building_tests' from command line to 'False'
[0.535s] DEBUG:colcon.colcon_core.verb:Building package 'pubsub_template_uros' with the following arguments: {'ament_cmake_args': None, 'build_base': '/home/genesis/Desktop/pubsub_template_uros/build/pubsub_template_uros', 'catkin_cmake_args': None, 'catkin_skip_building_tests': False, 'cmake_args': None, 'cmake_clean_cache': False, 'cmake_clean_first': False, 'cmake_force_configure': False, 'cmake_target': None, 'cmake_target_skip_unavailable': False, 'install_base': '/home/genesis/Desktop/pubsub_template_uros/install/pubsub_template_uros', 'merge_install': False, 'path': '/home/genesis/Desktop/pubsub_template_uros/src/pubsub_template_uros', 'symlink_install': True, 'test_result_base': None}
[0.535s] INFO:colcon.colcon_core.executor:Executing jobs using 'parallel' executor
[0.537s] DEBUG:colcon.colcon_parallel_executor.executor.parallel:run_until_complete
[0.537s] INFO:colcon.colcon_ros.task.ament_cmake.build:Building ROS package in '/home/genesis/Desktop/pubsub_template_uros/src/pubsub_template_uros' with build type 'ament_cmake'
[0.538s] INFO:colcon.colcon_cmake.task.cmake.build:Building CMake package in '/home/genesis/Desktop/pubsub_template_uros/src/pubsub_template_uros'
[0.540s] INFO:colcon.colcon_core.plugin_system:Skipping extension 'colcon_core.shell.bat': Not used on non-Windows systems
[0.541s] INFO:colcon.colcon_core.shell:Skip shell extension 'powershell' for command environment: Not usable outside of PowerShell
[0.541s] DEBUG:colcon.colcon_core.shell:Skip shell extension 'dsv' for command environment
[0.554s] DEBUG:colcon.colcon_core.event_handler.log_command:Invoking command in '/home/genesis/Desktop/pubsub_template_uros/build/pubsub_template_uros': CMAKE_PREFIX_PATH=${CMAKE_PREFIX_PATH}:/opt/ros/humble /usr/bin/cmake --build /home/genesis/Desktop/pubsub_template_uros/build/pubsub_template_uros -- -j4 -l4
[7.659s] DEBUG:colcon.colcon_core.event_handler.log_command:Invoked command in '/home/genesis/Desktop/pubsub_template_uros/build/pubsub_template_uros' returned '0': CMAKE_PREFIX_PATH=${CMAKE_PREFIX_PATH}:/opt/ros/humble /usr/bin/cmake --build /home/genesis/Desktop/pubsub_template_uros/build/pubsub_template_uros -- -j4 -l4
[7.678s] DEBUG:colcon.colcon_core.event_handler.log_command:Invoking command in '/home/genesis/Desktop/pubsub_template_uros/build/pubsub_template_uros': CMAKE_PREFIX_PATH=${CMAKE_PREFIX_PATH}:/opt/ros/humble /usr/bin/cmake --install /home/genesis/Desktop/pubsub_template_uros/build/pubsub_template_uros
[7.716s] Level 1:colcon.colcon_core.environment:create_environment_scripts_only(pubsub_template_uros)
[7.717s] DEBUG:colcon.colcon_core.event_handler.log_command:Invoked command in '/home/genesis/Desktop/pubsub_template_uros/build/pubsub_template_uros' returned '0': CMAKE_PREFIX_PATH=${CMAKE_PREFIX_PATH}:/opt/ros/humble /usr/bin/cmake --install /home/genesis/Desktop/pubsub_template_uros/build/pubsub_template_uros
[7.722s] Level 1:colcon.colcon_core.environment:checking '/home/genesis/Desktop/pubsub_template_uros/install/pubsub_template_uros' for CMake module files
[7.723s] Level 1:colcon.colcon_core.environment:checking '/home/genesis/Desktop/pubsub_template_uros/install/pubsub_template_uros' for CMake config files
[7.724s] Level 1:colcon.colcon_core.shell:create_environment_hook('pubsub_template_uros', 'cmake_prefix_path')
[7.724s] INFO:colcon.colcon_core.shell:Creating environment hook '/home/genesis/Desktop/pubsub_template_uros/install/pubsub_template_uros/share/pubsub_template_uros/hook/cmake_prefix_path.ps1'
[7.725s] INFO:colcon.colcon_core.shell:Creating environment descriptor '/home/genesis/Desktop/pubsub_template_uros/install/pubsub_template_uros/share/pubsub_template_uros/hook/cmake_prefix_path.dsv'
[7.726s] INFO:colcon.colcon_core.shell:Creating environment hook '/home/genesis/Desktop/pubsub_template_uros/install/pubsub_template_uros/share/pubsub_template_uros/hook/cmake_prefix_path.sh'
[7.727s] Level 1:colcon.colcon_core.environment:checking '/home/genesis/Desktop/pubsub_template_uros/install/pubsub_template_uros/lib'
[7.727s] Level 1:colcon.colcon_core.environment:checking '/home/genesis/Desktop/pubsub_template_uros/install/pubsub_template_uros/bin'
[7.728s] Level 1:colcon.colcon_core.environment:checking '/home/genesis/Desktop/pubsub_template_uros/install/pubsub_template_uros/lib/pkgconfig/pubsub_template_uros.pc'
[7.728s] Level 1:colcon.colcon_core.environment:checking '/home/genesis/Desktop/pubsub_template_uros/install/pubsub_template_uros/lib/python3.10/site-packages'
[7.728s] Level 1:colcon.colcon_core.environment:checking '/home/genesis/Desktop/pubsub_template_uros/install/pubsub_template_uros/bin'
[7.729s] INFO:colcon.colcon_core.shell:Creating package script '/home/genesis/Desktop/pubsub_template_uros/install/pubsub_template_uros/share/pubsub_template_uros/package.ps1'
[7.730s] INFO:colcon.colcon_core.shell:Creating package descriptor '/home/genesis/Desktop/pubsub_template_uros/install/pubsub_template_uros/share/pubsub_template_uros/package.dsv'
[7.731s] INFO:colcon.colcon_core.shell:Creating package script '/home/genesis/Desktop/pubsub_template_uros/install/pubsub_template_uros/share/pubsub_template_uros/package.sh'
[7.732s] INFO:colcon.colcon_core.shell:Creating package script '/home/genesis/Desktop/pubsub_template_uros/install/pubsub_template_uros/share/pubsub_template_uros/package.bash'
[7.733s] INFO:colcon.colcon_core.shell:Creating package script '/home/genesis/Desktop/pubsub_template_uros/install/pubsub_template_uros/share/pubsub_template_uros/package.zsh'
[7.734s] Level 1:colcon.colcon_core.environment:create_file_with_runtime_dependencies(/home/genesis/Desktop/pubsub_template_uros/install/pubsub_template_uros/share/colcon-core/packages/pubsub_template_uros)
[7.735s] Level 1:colcon.colcon_core.environment:create_environment_scripts_only(pubsub_template_uros)
[7.736s] Level 1:colcon.colcon_core.environment:checking '/home/genesis/Desktop/pubsub_template_uros/install/pubsub_template_uros' for CMake module files
[7.737s] Level 1:colcon.colcon_core.environment:checking '/home/genesis/Desktop/pubsub_template_uros/install/pubsub_template_uros' for CMake config files
[7.737s] Level 1:colcon.colcon_core.shell:create_environment_hook('pubsub_template_uros', 'cmake_prefix_path')
[7.737s] INFO:colcon.colcon_core.shell:Creating environment hook '/home/genesis/Desktop/pubsub_template_uros/install/pubsub_template_uros/share/pubsub_template_uros/hook/cmake_prefix_path.ps1'
[7.738s] INFO:colcon.colcon_core.shell:Creating environment descriptor '/home/genesis/Desktop/pubsub_template_uros/install/pubsub_template_uros/share/pubsub_template_uros/hook/cmake_prefix_path.dsv'
[7.739s] INFO:colcon.colcon_core.shell:Creating environment hook '/home/genesis/Desktop/pubsub_template_uros/install/pubsub_template_uros/share/pubsub_template_uros/hook/cmake_prefix_path.sh'
[7.740s] Level 1:colcon.colcon_core.environment:checking '/home/genesis/Desktop/pubsub_template_uros/install/pubsub_template_uros/lib'
[7.740s] Level 1:colcon.colcon_core.environment:checking '/home/genesis/Desktop/pubsub_template_uros/install/pubsub_template_uros/bin'
[7.740s] Level 1:colcon.colcon_core.environment:checking '/home/genesis/Desktop/pubsub_template_uros/install/pubsub_template_uros/lib/pkgconfig/pubsub_template_uros.pc'
[7.740s] Level 1:colcon.colcon_core.environment:checking '/home/genesis/Desktop/pubsub_template_uros/install/pubsub_template_uros/lib/python3.10/site-packages'
[7.741s] Level 1:colcon.colcon_core.environment:checking '/home/genesis/Desktop/pubsub_template_uros/install/pubsub_template_uros/bin'
[7.741s] INFO:colcon.colcon_core.shell:Creating package script '/home/genesis/Desktop/pubsub_template_uros/install/pubsub_template_uros/share/pubsub_template_uros/package.ps1'
[7.742s] INFO:colcon.colcon_core.shell:Creating package descriptor '/home/genesis/Desktop/pubsub_template_uros/install/pubsub_template_uros/share/pubsub_template_uros/package.dsv'
[7.743s] INFO:colcon.colcon_core.shell:Creating package script '/home/genesis/Desktop/pubsub_template_uros/install/pubsub_template_uros/share/pubsub_template_uros/package.sh'
[7.744s] INFO:colcon.colcon_core.shell:Creating package script '/home/genesis/Desktop/pubsub_template_uros/install/pubsub_template_uros/share/pubsub_template_uros/package.bash'
[7.745s] INFO:colcon.colcon_core.shell:Creating package script '/home/genesis/Desktop/pubsub_template_uros/install/pubsub_template_uros/share/pubsub_template_uros/package.zsh'
[7.745s] Level 1:colcon.colcon_core.environment:create_file_with_runtime_dependencies(/home/genesis/Desktop/pubsub_template_uros/install/pubsub_template_uros/share/colcon-core/packages/pubsub_template_uros)
[7.746s] DEBUG:colcon.colcon_parallel_executor.executor.parallel:closing loop
[7.747s] DEBUG:colcon.colcon_parallel_executor.executor.parallel:loop closed
[7.747s] DEBUG:colcon.colcon_parallel_executor.executor.parallel:run_until_complete finished with '0'
[7.747s] DEBUG:colcon.colcon_core.event_reactor:joining thread
[7.760s] INFO:colcon.colcon_core.plugin_system:Skipping extension 'colcon_notification.desktop_notification.terminal_notifier': Not used on non-Darwin systems
[7.760s] INFO:colcon.colcon_core.plugin_system:Skipping extension 'colcon_notification.desktop_notification.win32': Not used on non-Windows systems
[7.760s] INFO:colcon.colcon_notification.desktop_notification:Sending desktop notification using 'notify2'
[7.789s] DEBUG:colcon.colcon_core.event_reactor:joined thread
[7.790s] INFO:colcon.colcon_core.shell:Creating prefix script '/home/genesis/Desktop/pubsub_template_uros/install/local_setup.ps1'
[7.792s] INFO:colcon.colcon_core.shell:Creating prefix util module '/home/genesis/Desktop/pubsub_template_uros/install/_local_setup_util_ps1.py'
[7.795s] INFO:colcon.colcon_core.shell:Creating prefix chain script '/home/genesis/Desktop/pubsub_template_uros/install/setup.ps1'
[7.797s] INFO:colcon.colcon_core.shell:Creating prefix script '/home/genesis/Desktop/pubsub_template_uros/install/local_setup.sh'
[7.799s] INFO:colcon.colcon_core.shell:Creating prefix util module '/home/genesis/Desktop/pubsub_template_uros/install/_local_setup_util_sh.py'
[7.800s] INFO:colcon.colcon_core.shell:Creating prefix chain script '/home/genesis/Desktop/pubsub_template_uros/install/setup.sh'
[7.803s] INFO:colcon.colcon_core.shell:Creating prefix script '/home/genesis/Desktop/pubsub_template_uros/install/local_setup.bash'
[7.804s] INFO:colcon.colcon_core.shell:Creating prefix chain script '/home/genesis/Desktop/pubsub_template_uros/install/setup.bash'
[7.806s] INFO:colcon.colcon_core.shell:Creating prefix script '/home/genesis/Desktop/pubsub_template_uros/install/local_setup.zsh'
[7.807s] INFO:colcon.colcon_core.shell:Creating prefix chain script '/home/genesis/Desktop/pubsub_template_uros/install/setup.zsh'
