[0.251s] DEBUG:colcon:Command line arguments: ['/usr/bin/colcon', 'build', '--symlink-install']
[0.252s] DEBUG:colcon:Parsed command line arguments: Namespace(log_base=None, log_level=None, verb_name='build', build_base='build', install_base='install', merge_install=False, symlink_install=True, test_result_base=None, continue_on_error=False, executor='parallel', parallel_workers=4, event_handlers=None, ignore_user_meta=False, metas=['./colcon.meta'], base_paths=['.'], packages_ignore=None, packages_ignore_regex=None, paths=None, packages_up_to=None, packages_up_to_regex=None, packages_above=None, packages_above_and_dependencies=None, packages_above_depth=None, packages_select_by_dep=None, packages_skip_by_dep=None, packages_skip_up_to=None, packages_select_build_failed=False, packages_skip_build_finished=False, packages_select_test_failures=False, packages_skip_test_passed=False, packages_select=None, packages_skip=None, packages_select_regex=None, packages_skip_regex=None, packages_start=None, packages_end=None, allow_overriding=[], cmake_args=None, cmake_target=None, cmake_target_skip_unavailable=False, cmake_clean_cache=False, cmake_clean_first=False, cmake_force_configure=False, ament_cmake_args=None, catkin_cmake_args=None, catkin_skip_building_tests=False, mixin_files=None, mixin=None, verb_parser=<colcon_mixin.mixin.mixin_argument.MixinArgumentDecorator object at 0x75b1996d9600>, verb_extension=<colcon_core.verb.build.BuildVerb object at 0x75b1997e6530>, main=<bound method BuildVerb.main of <colcon_core.verb.build.BuildVerb object at 0x75b1997e6530>>, mixin_verb=('build',))
[0.738s] Level 1:colcon.colcon_core.package_discovery:discover_packages(colcon_meta) check parameters
[0.739s] Level 1:colcon.colcon_core.package_discovery:discover_packages(recursive) check parameters
[0.739s] Level 1:colcon.colcon_core.package_discovery:discover_packages(ignore) check parameters
[0.739s] Level 1:colcon.colcon_core.package_discovery:discover_packages(path) check parameters
[0.739s] Level 1:colcon.colcon_core.package_discovery:discover_packages(colcon_meta) discover
[0.739s] Level 1:colcon.colcon_core.package_discovery:discover_packages(recursive) discover
[0.739s] INFO:colcon.colcon_core.package_discovery:Crawling recursively for packages in '/home/genesis/Desktop/pubsub_template_uros'
[0.740s] Level 1:colcon.colcon_core.package_identification:_identify(.) by extensions ['ignore', 'ignore_ament_install']
[0.740s] Level 1:colcon.colcon_core.package_identification:_identify(.) by extension 'ignore'
[0.740s] Level 1:colcon.colcon_core.package_identification:_identify(.) by extension 'ignore_ament_install'
[0.740s] Level 1:colcon.colcon_core.package_identification:_identify(.) by extensions ['colcon_pkg']
[0.741s] Level 1:colcon.colcon_core.package_identification:_identify(.) by extension 'colcon_pkg'
[0.741s] Level 1:colcon.colcon_core.package_identification:_identify(.) by extensions ['colcon_meta']
[0.741s] Level 1:colcon.colcon_core.package_identification:_identify(.) by extension 'colcon_meta'
[0.741s] Level 1:colcon.colcon_core.package_identification:_identify(.) by extensions ['ros']
[0.741s] Level 1:colcon.colcon_core.package_identification:_identify(.) by extension 'ros'
[0.777s] Level 1:colcon.colcon_core.package_identification:_identify(.) by extensions ['cmake', 'python']
[0.777s] Level 1:colcon.colcon_core.package_identification:_identify(.) by extension 'cmake'
[0.777s] Level 1:colcon.colcon_core.package_identification:_identify(.) by extension 'python'
[0.778s] Level 1:colcon.colcon_core.package_identification:_identify(.) by extensions ['python_setup_py']
[0.778s] Level 1:colcon.colcon_core.package_identification:_identify(.) by extension 'python_setup_py'
[0.778s] Level 1:colcon.colcon_core.package_identification:_identify(build) by extensions ['ignore', 'ignore_ament_install']
[0.778s] Level 1:colcon.colcon_core.package_identification:_identify(build) by extension 'ignore'
[0.779s] Level 1:colcon.colcon_core.package_identification:_identify(build) ignored
[0.779s] Level 1:colcon.colcon_core.package_identification:_identify(install) by extensions ['ignore', 'ignore_ament_install']
[0.779s] Level 1:colcon.colcon_core.package_identification:_identify(install) by extension 'ignore'
[0.780s] Level 1:colcon.colcon_core.package_identification:_identify(install) ignored
[0.780s] Level 1:colcon.colcon_core.package_identification:_identify(log) by extensions ['ignore', 'ignore_ament_install']
[0.780s] Level 1:colcon.colcon_core.package_identification:_identify(log) by extension 'ignore'
[0.780s] Level 1:colcon.colcon_core.package_identification:_identify(log) ignored
[0.781s] Level 1:colcon.colcon_core.package_identification:_identify(src) by extensions ['ignore', 'ignore_ament_install']
[0.781s] Level 1:colcon.colcon_core.package_identification:_identify(src) by extension 'ignore'
[0.781s] Level 1:colcon.colcon_core.package_identification:_identify(src) by extension 'ignore_ament_install'
[0.781s] Level 1:colcon.colcon_core.package_identification:_identify(src) by extensions ['colcon_pkg']
[0.782s] Level 1:colcon.colcon_core.package_identification:_identify(src) by extension 'colcon_pkg'
[0.782s] Level 1:colcon.colcon_core.package_identification:_identify(src) by extensions ['colcon_meta']
[0.782s] Level 1:colcon.colcon_core.package_identification:_identify(src) by extension 'colcon_meta'
[0.782s] Level 1:colcon.colcon_core.package_identification:_identify(src) by extensions ['ros']
[0.782s] Level 1:colcon.colcon_core.package_identification:_identify(src) by extension 'ros'
[0.782s] Level 1:colcon.colcon_core.package_identification:_identify(src) by extensions ['cmake', 'python']
[0.783s] Level 1:colcon.colcon_core.package_identification:_identify(src) by extension 'cmake'
[0.783s] Level 1:colcon.colcon_core.package_identification:_identify(src) by extension 'python'
[0.783s] Level 1:colcon.colcon_core.package_identification:_identify(src) by extensions ['python_setup_py']
[0.783s] Level 1:colcon.colcon_core.package_identification:_identify(src) by extension 'python_setup_py'
[0.783s] Level 1:colcon.colcon_core.package_identification:_identify(src/pubsub_template_uros) by extensions ['ignore', 'ignore_ament_install']
[0.784s] Level 1:colcon.colcon_core.package_identification:_identify(src/pubsub_template_uros) by extension 'ignore'
[0.784s] Level 1:colcon.colcon_core.package_identification:_identify(src/pubsub_template_uros) by extension 'ignore_ament_install'
[0.784s] Level 1:colcon.colcon_core.package_identification:_identify(src/pubsub_template_uros) by extensions ['colcon_pkg']
[0.784s] Level 1:colcon.colcon_core.package_identification:_identify(src/pubsub_template_uros) by extension 'colcon_pkg'
[0.785s] Level 1:colcon.colcon_core.package_identification:_identify(src/pubsub_template_uros) by extensions ['colcon_meta']
[0.785s] Level 1:colcon.colcon_core.package_identification:_identify(src/pubsub_template_uros) by extension 'colcon_meta'
[0.785s] Level 1:colcon.colcon_core.package_identification:_identify(src/pubsub_template_uros) by extensions ['ros']
[0.785s] Level 1:colcon.colcon_core.package_identification:_identify(src/pubsub_template_uros) by extension 'ros'
[0.791s] DEBUG:colcon.colcon_core.package_identification:Package 'src/pubsub_template_uros' with type 'ros.ament_cmake' and name 'pubsub_template_uros'
[0.791s] Level 1:colcon.colcon_core.package_discovery:discover_packages(recursive) using defaults
[0.791s] Level 1:colcon.colcon_core.package_discovery:discover_packages(ignore) discover
[0.791s] Level 1:colcon.colcon_core.package_discovery:discover_packages(ignore) using defaults
[0.791s] Level 1:colcon.colcon_core.package_discovery:discover_packages(path) discover
[0.791s] Level 1:colcon.colcon_core.package_discovery:discover_packages(path) using defaults
[0.879s] Level 1:colcon.colcon_core.package_discovery:discover_packages(prefix_path) check parameters
[0.880s] Level 1:colcon.colcon_core.package_discovery:discover_packages(prefix_path) discover
[0.885s] DEBUG:colcon.colcon_installed_package_information.package_discovery:Found 1 installed packages in /home/genesis/Desktop/pubsub_template_uros/install
[0.891s] DEBUG:colcon.colcon_installed_package_information.package_discovery:Found 270 installed packages in /opt/ros/humble
[0.897s] Level 1:colcon.colcon_core.package_discovery:discover_packages(prefix_path) using defaults
[1.003s] Level 5:colcon.colcon_core.verb:set package 'pubsub_template_uros' build argument 'cmake_args' from command line to 'None'
[1.003s] Level 5:colcon.colcon_core.verb:set package 'pubsub_template_uros' build argument 'cmake_target' from command line to 'None'
[1.003s] Level 5:colcon.colcon_core.verb:set package 'pubsub_template_uros' build argument 'cmake_target_skip_unavailable' from command line to 'False'
[1.003s] Level 5:colcon.colcon_core.verb:set package 'pubsub_template_uros' build argument 'cmake_clean_cache' from command line to 'False'
[1.004s] Level 5:colcon.colcon_core.verb:set package 'pubsub_template_uros' build argument 'cmake_clean_first' from command line to 'False'
[1.004s] Level 5:colcon.colcon_core.verb:set package 'pubsub_template_uros' build argument 'cmake_force_configure' from command line to 'False'
[1.004s] Level 5:colcon.colcon_core.verb:set package 'pubsub_template_uros' build argument 'ament_cmake_args' from command line to 'None'
[1.004s] Level 5:colcon.colcon_core.verb:set package 'pubsub_template_uros' build argument 'catkin_cmake_args' from command line to 'None'
[1.004s] Level 5:colcon.colcon_core.verb:set package 'pubsub_template_uros' build argument 'catkin_skip_building_tests' from command line to 'False'
[1.004s] DEBUG:colcon.colcon_core.verb:Building package 'pubsub_template_uros' with the following arguments: {'ament_cmake_args': None, 'build_base': '/home/genesis/Desktop/pubsub_template_uros/build/pubsub_template_uros', 'catkin_cmake_args': None, 'catkin_skip_building_tests': False, 'cmake_args': None, 'cmake_clean_cache': False, 'cmake_clean_first': False, 'cmake_force_configure': False, 'cmake_target': None, 'cmake_target_skip_unavailable': False, 'install_base': '/home/genesis/Desktop/pubsub_template_uros/install/pubsub_template_uros', 'merge_install': False, 'path': '/home/genesis/Desktop/pubsub_template_uros/src/pubsub_template_uros', 'symlink_install': True, 'test_result_base': None}
[1.005s] INFO:colcon.colcon_core.executor:Executing jobs using 'parallel' executor
[1.007s] DEBUG:colcon.colcon_parallel_executor.executor.parallel:run_until_complete
[1.008s] INFO:colcon.colcon_ros.task.ament_cmake.build:Building ROS package in '/home/genesis/Desktop/pubsub_template_uros/src/pubsub_template_uros' with build type 'ament_cmake'
[1.008s] INFO:colcon.colcon_cmake.task.cmake.build:Building CMake package in '/home/genesis/Desktop/pubsub_template_uros/src/pubsub_template_uros'
[1.013s] INFO:colcon.colcon_core.plugin_system:Skipping extension 'colcon_core.shell.bat': Not used on non-Windows systems
[1.014s] INFO:colcon.colcon_core.shell:Skip shell extension 'powershell' for command environment: Not usable outside of PowerShell
[1.014s] DEBUG:colcon.colcon_core.shell:Skip shell extension 'dsv' for command environment
[1.037s] DEBUG:colcon.colcon_core.event_handler.log_command:Invoking command in '/home/genesis/Desktop/pubsub_template_uros/build/pubsub_template_uros': CMAKE_PREFIX_PATH=${CMAKE_PREFIX_PATH}:/opt/ros/humble /usr/bin/cmake --build /home/genesis/Desktop/pubsub_template_uros/build/pubsub_template_uros -- -j4 -l4
[13.099s] DEBUG:colcon.colcon_core.event_handler.log_command:Invoked command in '/home/genesis/Desktop/pubsub_template_uros/build/pubsub_template_uros' returned '0': CMAKE_PREFIX_PATH=${CMAKE_PREFIX_PATH}:/opt/ros/humble /usr/bin/cmake --build /home/genesis/Desktop/pubsub_template_uros/build/pubsub_template_uros -- -j4 -l4
[13.121s] DEBUG:colcon.colcon_core.event_handler.log_command:Invoking command in '/home/genesis/Desktop/pubsub_template_uros/build/pubsub_template_uros': CMAKE_PREFIX_PATH=${CMAKE_PREFIX_PATH}:/opt/ros/humble /usr/bin/cmake --install /home/genesis/Desktop/pubsub_template_uros/build/pubsub_template_uros
[13.178s] Level 1:colcon.colcon_core.environment:create_environment_scripts_only(pubsub_template_uros)
[13.180s] DEBUG:colcon.colcon_core.event_handler.log_command:Invoked command in '/home/genesis/Desktop/pubsub_template_uros/build/pubsub_template_uros' returned '0': CMAKE_PREFIX_PATH=${CMAKE_PREFIX_PATH}:/opt/ros/humble /usr/bin/cmake --install /home/genesis/Desktop/pubsub_template_uros/build/pubsub_template_uros
[13.191s] Level 1:colcon.colcon_core.environment:checking '/home/genesis/Desktop/pubsub_template_uros/install/pubsub_template_uros' for CMake module files
[13.193s] Level 1:colcon.colcon_core.environment:checking '/home/genesis/Desktop/pubsub_template_uros/install/pubsub_template_uros' for CMake config files
[13.195s] Level 1:colcon.colcon_core.shell:create_environment_hook('pubsub_template_uros', 'cmake_prefix_path')
[13.196s] INFO:colcon.colcon_core.shell:Creating environment hook '/home/genesis/Desktop/pubsub_template_uros/install/pubsub_template_uros/share/pubsub_template_uros/hook/cmake_prefix_path.ps1'
[13.198s] INFO:colcon.colcon_core.shell:Creating environment descriptor '/home/genesis/Desktop/pubsub_template_uros/install/pubsub_template_uros/share/pubsub_template_uros/hook/cmake_prefix_path.dsv'
[13.200s] INFO:colcon.colcon_core.shell:Creating environment hook '/home/genesis/Desktop/pubsub_template_uros/install/pubsub_template_uros/share/pubsub_template_uros/hook/cmake_prefix_path.sh'
[13.204s] Level 1:colcon.colcon_core.environment:checking '/home/genesis/Desktop/pubsub_template_uros/install/pubsub_template_uros/lib'
[13.204s] Level 1:colcon.colcon_core.environment:checking '/home/genesis/Desktop/pubsub_template_uros/install/pubsub_template_uros/bin'
[13.205s] Level 1:colcon.colcon_core.environment:checking '/home/genesis/Desktop/pubsub_template_uros/install/pubsub_template_uros/lib/pkgconfig/pubsub_template_uros.pc'
[13.206s] Level 1:colcon.colcon_core.environment:checking '/home/genesis/Desktop/pubsub_template_uros/install/pubsub_template_uros/lib/python3.10/site-packages'
[13.206s] Level 1:colcon.colcon_core.environment:checking '/home/genesis/Desktop/pubsub_template_uros/install/pubsub_template_uros/bin'
[13.207s] INFO:colcon.colcon_core.shell:Creating package script '/home/genesis/Desktop/pubsub_template_uros/install/pubsub_template_uros/share/pubsub_template_uros/package.ps1'
[13.210s] INFO:colcon.colcon_core.shell:Creating package descriptor '/home/genesis/Desktop/pubsub_template_uros/install/pubsub_template_uros/share/pubsub_template_uros/package.dsv'
[13.212s] INFO:colcon.colcon_core.shell:Creating package script '/home/genesis/Desktop/pubsub_template_uros/install/pubsub_template_uros/share/pubsub_template_uros/package.sh'
[13.215s] INFO:colcon.colcon_core.shell:Creating package script '/home/genesis/Desktop/pubsub_template_uros/install/pubsub_template_uros/share/pubsub_template_uros/package.bash'
[13.218s] INFO:colcon.colcon_core.shell:Creating package script '/home/genesis/Desktop/pubsub_template_uros/install/pubsub_template_uros/share/pubsub_template_uros/package.zsh'
[13.221s] Level 1:colcon.colcon_core.environment:create_file_with_runtime_dependencies(/home/genesis/Desktop/pubsub_template_uros/install/pubsub_template_uros/share/colcon-core/packages/pubsub_template_uros)
[13.223s] Level 1:colcon.colcon_core.environment:create_environment_scripts_only(pubsub_template_uros)
[13.223s] Level 1:colcon.colcon_core.environment:checking '/home/genesis/Desktop/pubsub_template_uros/install/pubsub_template_uros' for CMake module files
[13.226s] Level 1:colcon.colcon_core.environment:checking '/home/genesis/Desktop/pubsub_template_uros/install/pubsub_template_uros' for CMake config files
[13.227s] Level 1:colcon.colcon_core.shell:create_environment_hook('pubsub_template_uros', 'cmake_prefix_path')
[13.228s] INFO:colcon.colcon_core.shell:Creating environment hook '/home/genesis/Desktop/pubsub_template_uros/install/pubsub_template_uros/share/pubsub_template_uros/hook/cmake_prefix_path.ps1'
[13.229s] INFO:colcon.colcon_core.shell:Creating environment descriptor '/home/genesis/Desktop/pubsub_template_uros/install/pubsub_template_uros/share/pubsub_template_uros/hook/cmake_prefix_path.dsv'
[13.230s] INFO:colcon.colcon_core.shell:Creating environment hook '/home/genesis/Desktop/pubsub_template_uros/install/pubsub_template_uros/share/pubsub_template_uros/hook/cmake_prefix_path.sh'
[13.232s] Level 1:colcon.colcon_core.environment:checking '/home/genesis/Desktop/pubsub_template_uros/install/pubsub_template_uros/lib'
[13.232s] Level 1:colcon.colcon_core.environment:checking '/home/genesis/Desktop/pubsub_template_uros/install/pubsub_template_uros/bin'
[13.232s] Level 1:colcon.colcon_core.environment:checking '/home/genesis/Desktop/pubsub_template_uros/install/pubsub_template_uros/lib/pkgconfig/pubsub_template_uros.pc'
[13.233s] Level 1:colcon.colcon_core.environment:checking '/home/genesis/Desktop/pubsub_template_uros/install/pubsub_template_uros/lib/python3.10/site-packages'
[13.234s] Level 1:colcon.colcon_core.environment:checking '/home/genesis/Desktop/pubsub_template_uros/install/pubsub_template_uros/bin'
[13.235s] INFO:colcon.colcon_core.shell:Creating package script '/home/genesis/Desktop/pubsub_template_uros/install/pubsub_template_uros/share/pubsub_template_uros/package.ps1'
[13.237s] INFO:colcon.colcon_core.shell:Creating package descriptor '/home/genesis/Desktop/pubsub_template_uros/install/pubsub_template_uros/share/pubsub_template_uros/package.dsv'
[13.238s] INFO:colcon.colcon_core.shell:Creating package script '/home/genesis/Desktop/pubsub_template_uros/install/pubsub_template_uros/share/pubsub_template_uros/package.sh'
[13.240s] INFO:colcon.colcon_core.shell:Creating package script '/home/genesis/Desktop/pubsub_template_uros/install/pubsub_template_uros/share/pubsub_template_uros/package.bash'
[13.241s] INFO:colcon.colcon_core.shell:Creating package script '/home/genesis/Desktop/pubsub_template_uros/install/pubsub_template_uros/share/pubsub_template_uros/package.zsh'
[13.243s] Level 1:colcon.colcon_core.environment:create_file_with_runtime_dependencies(/home/genesis/Desktop/pubsub_template_uros/install/pubsub_template_uros/share/colcon-core/packages/pubsub_template_uros)
[13.243s] DEBUG:colcon.colcon_parallel_executor.executor.parallel:closing loop
[13.244s] DEBUG:colcon.colcon_parallel_executor.executor.parallel:loop closed
[13.244s] DEBUG:colcon.colcon_parallel_executor.executor.parallel:run_until_complete finished with '0'
[13.244s] DEBUG:colcon.colcon_core.event_reactor:joining thread
[13.260s] INFO:colcon.colcon_core.plugin_system:Skipping extension 'colcon_notification.desktop_notification.terminal_notifier': Not used on non-Darwin systems
[13.261s] INFO:colcon.colcon_core.plugin_system:Skipping extension 'colcon_notification.desktop_notification.win32': Not used on non-Windows systems
[13.261s] INFO:colcon.colcon_notification.desktop_notification:Sending desktop notification using 'notify2'
[13.294s] DEBUG:colcon.colcon_core.event_reactor:joined thread
[13.295s] INFO:colcon.colcon_core.shell:Creating prefix script '/home/genesis/Desktop/pubsub_template_uros/install/local_setup.ps1'
[13.299s] INFO:colcon.colcon_core.shell:Creating prefix util module '/home/genesis/Desktop/pubsub_template_uros/install/_local_setup_util_ps1.py'
[13.307s] INFO:colcon.colcon_core.shell:Creating prefix chain script '/home/genesis/Desktop/pubsub_template_uros/install/setup.ps1'
[13.314s] INFO:colcon.colcon_core.shell:Creating prefix script '/home/genesis/Desktop/pubsub_template_uros/install/local_setup.sh'
[13.318s] INFO:colcon.colcon_core.shell:Creating prefix util module '/home/genesis/Desktop/pubsub_template_uros/install/_local_setup_util_sh.py'
[13.320s] INFO:colcon.colcon_core.shell:Creating prefix chain script '/home/genesis/Desktop/pubsub_template_uros/install/setup.sh'
[13.324s] INFO:colcon.colcon_core.shell:Creating prefix script '/home/genesis/Desktop/pubsub_template_uros/install/local_setup.bash'
[13.325s] INFO:colcon.colcon_core.shell:Creating prefix chain script '/home/genesis/Desktop/pubsub_template_uros/install/setup.bash'
[13.327s] INFO:colcon.colcon_core.shell:Creating prefix script '/home/genesis/Desktop/pubsub_template_uros/install/local_setup.zsh'
[13.329s] INFO:colcon.colcon_core.shell:Creating prefix chain script '/home/genesis/Desktop/pubsub_template_uros/install/setup.zsh'
