[0.014s] Invoking command in '/home/genesis/Desktop/pubsub_template_uros/build/pubsub_template_uros': CMAKE_PREFIX_PATH=${CMAKE_PREFIX_PATH}:/opt/ros/humble /usr/bin/cmake --build /home/genesis/Desktop/pubsub_template_uros/build/pubsub_template_uros -- -j4 -l4
[0.083s] [35m[1mConsolidate compiler generated dependencies of target talker[0m
[0.099s] [ 50%] Built target listener
[0.108s] [ 75%] [32mBuilding CXX object CMakeFiles/talker.dir/src/talker.cpp.o[0m
[7.011s] [100%] [32m[1mLinking CXX executable talker[0m
[7.301s] [100%] Built target talker
[7.318s] Invoked command in '/home/genesis/Desktop/pubsub_template_uros/build/pubsub_template_uros' returned '0': CMAKE_PREFIX_PATH=${CMAKE_PREFIX_PATH}:/opt/ros/humble /usr/bin/cmake --build /home/genesis/Desktop/pubsub_template_uros/build/pubsub_template_uros -- -j4 -l4
[7.336s] Invoking command in '/home/genesis/Desktop/pubsub_template_uros/build/pubsub_template_uros': CMAKE_PREFIX_PATH=${CMAKE_PREFIX_PATH}:/opt/ros/humble /usr/bin/cmake --install /home/genesis/Desktop/pubsub_template_uros/build/pubsub_template_uros
[7.349s] -- Install configuration: ""
[7.350s] -- Execute custom install script
[7.350s] -- Up-to-date symlink: /home/genesis/Desktop/pubsub_template_uros/install/pubsub_template_uros/lib/pubsub_template_uros/talker
[7.351s] -- Up-to-date symlink: /home/genesis/Desktop/pubsub_template_uros/install/pubsub_template_uros/lib/pubsub_template_uros/listener
[7.352s] -- Up-to-date symlink: /home/genesis/Desktop/pubsub_template_uros/install/pubsub_template_uros/share/pubsub_template_uros/launch/launch_pubSub.py
[7.352s] -- Up-to-date symlink: /home/genesis/Desktop/pubsub_template_uros/install/pubsub_template_uros/share/ament_index/resource_index/package_run_dependencies/pubsub_template_uros
[7.353s] -- Up-to-date symlink: /home/genesis/Desktop/pubsub_template_uros/install/pubsub_template_uros/share/ament_index/resource_index/parent_prefix_path/pubsub_template_uros
[7.353s] -- Up-to-date symlink: /home/genesis/Desktop/pubsub_template_uros/install/pubsub_template_uros/share/pubsub_template_uros/environment/ament_prefix_path.sh
[7.354s] -- Up-to-date symlink: /home/genesis/Desktop/pubsub_template_uros/install/pubsub_template_uros/share/pubsub_template_uros/environment/ament_prefix_path.dsv
[7.354s] -- Up-to-date symlink: /home/genesis/Desktop/pubsub_template_uros/install/pubsub_template_uros/share/pubsub_template_uros/environment/path.sh
[7.355s] -- Up-to-date symlink: /home/genesis/Desktop/pubsub_template_uros/install/pubsub_template_uros/share/pubsub_template_uros/environment/path.dsv
[7.355s] -- Up-to-date symlink: /home/genesis/Desktop/pubsub_template_uros/install/pubsub_template_uros/share/pubsub_template_uros/local_setup.bash
[7.356s] -- Up-to-date symlink: /home/genesis/Desktop/pubsub_template_uros/install/pubsub_template_uros/share/pubsub_template_uros/local_setup.sh
[7.356s] -- Up-to-date symlink: /home/genesis/Desktop/pubsub_template_uros/install/pubsub_template_uros/share/pubsub_template_uros/local_setup.zsh
[7.356s] -- Up-to-date symlink: /home/genesis/Desktop/pubsub_template_uros/install/pubsub_template_uros/share/pubsub_template_uros/local_setup.dsv
[7.356s] -- Symlinking: /home/genesis/Desktop/pubsub_template_uros/install/pubsub_template_uros/share/pubsub_template_uros/package.dsv
[7.370s] -- Up-to-date symlink: /home/genesis/Desktop/pubsub_template_uros/install/pubsub_template_uros/share/ament_index/resource_index/packages/pubsub_template_uros
[7.370s] -- Up-to-date symlink: /home/genesis/Desktop/pubsub_template_uros/install/pubsub_template_uros/share/pubsub_template_uros/cmake/pubsub_template_urosConfig.cmake
[7.370s] -- Up-to-date symlink: /home/genesis/Desktop/pubsub_template_uros/install/pubsub_template_uros/share/pubsub_template_uros/cmake/pubsub_template_urosConfig-version.cmake
[7.371s] -- Up-to-date symlink: /home/genesis/Desktop/pubsub_template_uros/install/pubsub_template_uros/share/pubsub_template_uros/package.xml
[7.374s] Invoked command in '/home/genesis/Desktop/pubsub_template_uros/build/pubsub_template_uros' returned '0': CMAKE_PREFIX_PATH=${CMAKE_PREFIX_PATH}:/opt/ros/humble /usr/bin/cmake --install /home/genesis/Desktop/pubsub_template_uros/build/pubsub_template_uros
