[0.018s] Invoking command in '/home/genesis/Desktop/pubsub_template_uros/build/pubsub_template_uros': CMAKE_PREFIX_PATH=${CMAKE_PREFIX_PATH}:/opt/ros/humble /usr/bin/cmake --build /home/genesis/Desktop/pubsub_template_uros/build/pubsub_template_uros -- -j4 -l4
[0.073s] [35m[1mConsolidate compiler generated dependencies of target talker[0m
[0.097s] [ 50%] Built target listener
[0.098s] [ 75%] [32mBuilding CXX object CMakeFiles/talker.dir/src/talker.cpp.o[0m
[6.048s] [100%] [32m[1mLinking CXX executable talker[0m
[6.383s] [100%] Built target talker
[6.401s] Invoked command in '/home/genesis/Desktop/pubsub_template_uros/build/pubsub_template_uros' returned '0': CMAKE_PREFIX_PATH=${CMAKE_PREFIX_PATH}:/opt/ros/humble /usr/bin/cmake --build /home/genesis/Desktop/pubsub_template_uros/build/pubsub_template_uros -- -j4 -l4
[6.419s] Invoking command in '/home/genesis/Desktop/pubsub_template_uros/build/pubsub_template_uros': CMAKE_PREFIX_PATH=${CMAKE_PREFIX_PATH}:/opt/ros/humble /usr/bin/cmake --install /home/genesis/Desktop/pubsub_template_uros/build/pubsub_template_uros
[6.431s] -- Install configuration: ""
[6.432s] -- Execute custom install script
[6.434s] -- Up-to-date symlink: /home/genesis/Desktop/pubsub_template_uros/install/pubsub_template_uros/lib/pubsub_template_uros/talker
[6.435s] -- Up-to-date symlink: /home/genesis/Desktop/pubsub_template_uros/install/pubsub_template_uros/lib/pubsub_template_uros/listener
[6.437s] -- Up-to-date symlink: /home/genesis/Desktop/pubsub_template_uros/install/pubsub_template_uros/share/pubsub_template_uros/launch/launch_pubSub.py
[6.439s] -- Up-to-date symlink: /home/genesis/Desktop/pubsub_template_uros/install/pubsub_template_uros/share/ament_index/resource_index/package_run_dependencies/pubsub_template_uros
[6.439s] -- Up-to-date symlink: /home/genesis/Desktop/pubsub_template_uros/install/pubsub_template_uros/share/ament_index/resource_index/parent_prefix_path/pubsub_template_uros
[6.440s] -- Up-to-date symlink: /home/genesis/Desktop/pubsub_template_uros/install/pubsub_template_uros/share/pubsub_template_uros/environment/ament_prefix_path.sh
[6.441s] -- Up-to-date symlink: /home/genesis/Desktop/pubsub_template_uros/install/pubsub_template_uros/share/pubsub_template_uros/environment/ament_prefix_path.dsv
[6.441s] -- Up-to-date symlink: /home/genesis/Desktop/pubsub_template_uros/install/pubsub_template_uros/share/pubsub_template_uros/environment/path.sh
[6.442s] -- Up-to-date symlink: /home/genesis/Desktop/pubsub_template_uros/install/pubsub_template_uros/share/pubsub_template_uros/environment/path.dsv
[6.442s] -- Up-to-date symlink: /home/genesis/Desktop/pubsub_template_uros/install/pubsub_template_uros/share/pubsub_template_uros/local_setup.bash
[6.443s] -- Up-to-date symlink: /home/genesis/Desktop/pubsub_template_uros/install/pubsub_template_uros/share/pubsub_template_uros/local_setup.sh
[6.443s] -- Up-to-date symlink: /home/genesis/Desktop/pubsub_template_uros/install/pubsub_template_uros/share/pubsub_template_uros/local_setup.zsh
[6.443s] -- Up-to-date symlink: /home/genesis/Desktop/pubsub_template_uros/install/pubsub_template_uros/share/pubsub_template_uros/local_setup.dsv
[6.444s] -- Symlinking: /home/genesis/Desktop/pubsub_template_uros/install/pubsub_template_uros/share/pubsub_template_uros/package.dsv
[6.459s] -- Up-to-date symlink: /home/genesis/Desktop/pubsub_template_uros/install/pubsub_template_uros/share/ament_index/resource_index/packages/pubsub_template_uros
[6.459s] -- Up-to-date symlink: /home/genesis/Desktop/pubsub_template_uros/install/pubsub_template_uros/share/pubsub_template_uros/cmake/pubsub_template_urosConfig.cmake
[6.459s] -- Up-to-date symlink: /home/genesis/Desktop/pubsub_template_uros/install/pubsub_template_uros/share/pubsub_template_uros/cmake/pubsub_template_urosConfig-version.cmake
[6.460s] -- Up-to-date symlink: /home/genesis/Desktop/pubsub_template_uros/install/pubsub_template_uros/share/pubsub_template_uros/package.xml
[6.463s] Invoked command in '/home/genesis/Desktop/pubsub_template_uros/build/pubsub_template_uros' returned '0': CMAKE_PREFIX_PATH=${CMAKE_PREFIX_PATH}:/opt/ros/humble /usr/bin/cmake --install /home/genesis/Desktop/pubsub_template_uros/build/pubsub_template_uros
