[01m[K/home/genesis/Desktop/pubsub_template_uros/src/pubsub_template_uros/src/listener.cpp:1:2:[m[K [01;31m[Kerror: [m[Kinvalid preprocessing directive #inc
    1 | #[01;31m[Kinc[m[K#include <rclcpp/rclcpp.hpp>
      |  [01;31m[K^~~[m[K
[01m[K/home/genesis/Desktop/pubsub_template_uros/src/pubsub_template_uros/src/listener.cpp:5:38:[m[K [01;31m[Kerror: [m[Kexpected class-name before ‘[01m[K{[m[K’ token
    5 | class Listener : public rclcpp::Node [01;31m[K{[m[K
      |                                      [01;31m[K^[m[K
[01m[K/home/genesis/Desktop/pubsub_template_uros/src/pubsub_template_uros/src/listener.cpp:24:11:[m[K [01;31m[Kerror: [m[K‘[01m[KSubscription[m[K’ in namespace ‘[01m[Krclcpp[m[K’ does not name a template type
   24 |   rclcpp::[01;31m[KSubscription[m[K<std_msgs::msg::Int32>::SharedPtr subscription_;
      |           [01;31m[K^~~~~~~~~~~~[m[K
[01m[K/home/genesis/Desktop/pubsub_template_uros/src/pubsub_template_uros/src/listener.cpp:[m[K In constructor ‘[01m[KListener::Listener()[m[K’:
[01m[K/home/genesis/Desktop/pubsub_template_uros/src/pubsub_template_uros/src/listener.cpp:8:5:[m[K [01;31m[Kerror: [m[Kclass ‘[01m[KListener[m[K’ does not have any field named ‘[01m[KNode[m[K’
    8 |   : [01;31m[KNode[m[K("ros2_listener")
      |     [01;31m[K^~~~[m[K
[01m[K/home/genesis/Desktop/pubsub_template_uros/src/pubsub_template_uros/src/listener.cpp:14:5:[m[K [01;31m[Kerror: [m[K‘[01m[Ksubscription_[m[K’ was not declared in this scope; did you mean ‘[01m[Krmw_subscription_t[m[K’?
   14 |     [01;31m[Ksubscription_[m[K = this->create_subscription<std_msgs::msg::Int32>(
      |     [01;31m[K^~~~~~~~~~~~~[m[K
      |     [32m[Krmw_subscription_t[m[K
[01m[K/home/genesis/Desktop/pubsub_template_uros/src/pubsub_template_uros/src/listener.cpp:14:27:[m[K [01;31m[Kerror: [m[K‘[01m[Kclass Listener[m[K’ has no member named ‘[01m[Kcreate_subscription[m[K’
   14 |     subscription_ = this->[01;31m[Kcreate_subscription[m[K<std_msgs::msg::Int32>(
      |                           [01;31m[K^~~~~~~~~~~~~~~~~~~[m[K
[01m[K/home/genesis/Desktop/pubsub_template_uros/src/pubsub_template_uros/src/listener.cpp:14:67:[m[K [01;31m[Kerror: [m[Kexpected primary-expression before ‘[01m[K>[m[K’ token
   14 |     subscription_ = this->create_subscription<std_msgs::msg::Int32[01;31m[K>[m[K(
      |                                                                   [01;31m[K^[m[K
[01m[K/home/genesis/Desktop/pubsub_template_uros/src/pubsub_template_uros/src/listener.cpp:15:7:[m[K [01;35m[Kwarning: [m[Kleft operand of comma operator has no effect [[01;35m[K]8;;https://gcc.gnu.org/onlinedocs/gcc/Warning-Options.html#index-Wunused-value-Wunused-value]8;;[m[K]
   15 |       [01;35m[K"micro_ros_pub_topic"[m[K,
      |       [01;35m[K^~~~~~~~~~~~~~~~~~~~~[m[K
[01m[K/home/genesis/Desktop/pubsub_template_uros/src/pubsub_template_uros/src/listener.cpp:[m[K In lambda function:
[01m[K/home/genesis/Desktop/pubsub_template_uros/src/pubsub_template_uros/src/listener.cpp:18:27:[m[K [01;31m[Kerror: [m[K‘[01m[Kclass Listener[m[K’ has no member named ‘[01m[Kget_logger[m[K’
   18 |         RCLCPP_INFO(this->[01;31m[Kget_logger[m[K(), "Ricevuto dall'ESP32: %d", msg->data);
      |                           [01;31m[K^~~~~~~~~~[m[K
[01m[K/home/genesis/Desktop/pubsub_template_uros/src/pubsub_template_uros/src/listener.cpp:18:9:[m[K [01;31m[Kerror: [m[K‘[01m[KRCLCPP_INFO[m[K’ was not declared in this scope; did you mean ‘[01m[KRCLCPP_IMPORT[m[K’?
   18 |         [01;31m[KRCLCPP_INFO[m[K(this->get_logger(), "Ricevuto dall'ESP32: %d", msg->data);
      |         [01;31m[K^~~~~~~~~~~[m[K
      |         [32m[KRCLCPP_IMPORT[m[K
[01m[K/home/genesis/Desktop/pubsub_template_uros/src/pubsub_template_uros/src/listener.cpp:[m[K In constructor ‘[01m[KListener::Listener()[m[K’:
[01m[K/home/genesis/Desktop/pubsub_template_uros/src/pubsub_template_uros/src/listener.cpp:19:7:[m[K [01;35m[Kwarning: [m[Kright operand of comma operator has no effect [[01;35m[K]8;;https://gcc.gnu.org/onlinedocs/gcc/Warning-Options.html#index-Wunused-value-Wunused-value]8;;[m[K]
   19 |       [01;35m[K}[m[K
      |       [01;35m[K^[m[K
[01m[K/home/genesis/Desktop/pubsub_template_uros/src/pubsub_template_uros/src/listener.cpp:[m[K In function ‘[01m[Kint main(int, char**)[m[K’:
[01m[K/home/genesis/Desktop/pubsub_template_uros/src/pubsub_template_uros/src/listener.cpp:28:11:[m[K [01;31m[Kerror: [m[K‘[01m[Kinit[m[K’ is not a member of ‘[01m[Krclcpp[m[K’
   28 |   rclcpp::[01;31m[Kinit[m[K(argc, argv);
      |           [01;31m[K^~~~[m[K
[01m[K/home/genesis/Desktop/pubsub_template_uros/src/pubsub_template_uros/src/listener.cpp:29:11:[m[K [01;31m[Kerror: [m[K‘[01m[Kspin[m[K’ is not a member of ‘[01m[Krclcpp[m[K’
   29 |   rclcpp::[01;31m[Kspin[m[K(std::make_shared<Listener>());
      |           [01;31m[K^~~~[m[K
[01m[K/home/genesis/Desktop/pubsub_template_uros/src/pubsub_template_uros/src/listener.cpp:30:11:[m[K [01;31m[Kerror: [m[K‘[01m[Kshutdown[m[K’ is not a member of ‘[01m[Krclcpp[m[K’
   30 |   rclcpp::[01;31m[Kshutdown[m[K();
      |           [01;31m[K^~~~~~~~[m[K
gmake[2]: *** [CMakeFiles/listener.dir/build.make:76: CMakeFiles/listener.dir/src/listener.cpp.o] Error 1
gmake[1]: *** [CMakeFiles/Makefile2:165: CMakeFiles/listener.dir/all] Error 2
gmake: *** [Makefile:146: all] Error 2
