[0.184s] DEBUG:colcon:Command line arguments: ['/usr/bin/colcon', 'build', '--symlink-install']
[0.184s] DEBUG:colcon:Parsed command line arguments: Namespace(log_base=None, log_level=None, verb_name='build', build_base='build', install_base='install', merge_install=False, symlink_install=True, test_result_base=None, continue_on_error=False, executor='parallel', parallel_workers=4, event_handlers=None, ignore_user_meta=False, metas=['./colcon.meta'], base_paths=['.'], packages_ignore=None, packages_ignore_regex=None, paths=None, packages_up_to=None, packages_up_to_regex=None, packages_above=None, packages_above_and_dependencies=None, packages_above_depth=None, packages_select_by_dep=None, packages_skip_by_dep=None, packages_skip_up_to=None, packages_select_build_failed=False, packages_skip_build_finished=False, packages_select_test_failures=False, packages_skip_test_passed=False, packages_select=None, packages_skip=None, packages_select_regex=None, packages_skip_regex=None, packages_start=None, packages_end=None, allow_overriding=[], cmake_args=None, cmake_target=None, cmake_target_skip_unavailable=False, cmake_clean_cache=False, cmake_clean_first=False, cmake_force_configure=False, ament_cmake_args=None, catkin_cmake_args=None, catkin_skip_building_tests=False, mixin_files=None, mixin=None, verb_parser=<colcon_mixin.mixin.mixin_argument.MixinArgumentDecorator object at 0x7c2238d25600>, verb_extension=<colcon_core.verb.build.BuildVerb object at 0x7c2238e32530>, main=<bound method BuildVerb.main of <colcon_core.verb.build.BuildVerb object at 0x7c2238e32530>>, mixin_verb=('build',))
[0.582s] Level 1:colcon.colcon_core.package_discovery:discover_packages(colcon_meta) check parameters
[0.582s] Level 1:colcon.colcon_core.package_discovery:discover_packages(recursive) check parameters
[0.582s] Level 1:colcon.colcon_core.package_discovery:discover_packages(ignore) check parameters
[0.582s] Level 1:colcon.colcon_core.package_discovery:discover_packages(path) check parameters
[0.582s] Level 1:colcon.colcon_core.package_discovery:discover_packages(colcon_meta) discover
[0.582s] Level 1:colcon.colcon_core.package_discovery:discover_packages(recursive) discover
[0.583s] INFO:colcon.colcon_core.package_discovery:Crawling recursively for packages in '/home/genesis/Desktop/pubsub_template_uros'
[0.583s] Level 1:colcon.colcon_core.package_identification:_identify(.) by extensions ['ignore', 'ignore_ament_install']
[0.583s] Level 1:colcon.colcon_core.package_identification:_identify(.) by extension 'ignore'
[0.583s] Level 1:colcon.colcon_core.package_identification:_identify(.) by extension 'ignore_ament_install'
[0.583s] Level 1:colcon.colcon_core.package_identification:_identify(.) by extensions ['colcon_pkg']
[0.583s] Level 1:colcon.colcon_core.package_identification:_identify(.) by extension 'colcon_pkg'
[0.583s] Level 1:colcon.colcon_core.package_identification:_identify(.) by extensions ['colcon_meta']
[0.583s] Level 1:colcon.colcon_core.package_identification:_identify(.) by extension 'colcon_meta'
[0.583s] Level 1:colcon.colcon_core.package_identification:_identify(.) by extensions ['ros']
[0.583s] Level 1:colcon.colcon_core.package_identification:_identify(.) by extension 'ros'
[0.604s] Level 1:colcon.colcon_core.package_identification:_identify(.) by extensions ['cmake', 'python']
[0.604s] Level 1:colcon.colcon_core.package_identification:_identify(.) by extension 'cmake'
[0.604s] Level 1:colcon.colcon_core.package_identification:_identify(.) by extension 'python'
[0.604s] Level 1:colcon.colcon_core.package_identification:_identify(.) by extensions ['python_setup_py']
[0.604s] Level 1:colcon.colcon_core.package_identification:_identify(.) by extension 'python_setup_py'
[0.604s] Level 1:colcon.colcon_core.package_identification:_identify(build) by extensions ['ignore', 'ignore_ament_install']
[0.604s] Level 1:colcon.colcon_core.package_identification:_identify(build) by extension 'ignore'
[0.604s] Level 1:colcon.colcon_core.package_identification:_identify(build) ignored
[0.604s] Level 1:colcon.colcon_core.package_identification:_identify(install) by extensions ['ignore', 'ignore_ament_install']
[0.605s] Level 1:colcon.colcon_core.package_identification:_identify(install) by extension 'ignore'
[0.605s] Level 1:colcon.colcon_core.package_identification:_identify(install) ignored
[0.605s] Level 1:colcon.colcon_core.package_identification:_identify(log) by extensions ['ignore', 'ignore_ament_install']
[0.605s] Level 1:colcon.colcon_core.package_identification:_identify(log) by extension 'ignore'
[0.605s] Level 1:colcon.colcon_core.package_identification:_identify(log) ignored
[0.605s] Level 1:colcon.colcon_core.package_identification:_identify(src) by extensions ['ignore', 'ignore_ament_install']
[0.605s] Level 1:colcon.colcon_core.package_identification:_identify(src) by extension 'ignore'
[0.605s] Level 1:colcon.colcon_core.package_identification:_identify(src) by extension 'ignore_ament_install'
[0.605s] Level 1:colcon.colcon_core.package_identification:_identify(src) by extensions ['colcon_pkg']
[0.605s] Level 1:colcon.colcon_core.package_identification:_identify(src) by extension 'colcon_pkg'
[0.605s] Level 1:colcon.colcon_core.package_identification:_identify(src) by extensions ['colcon_meta']
[0.605s] Level 1:colcon.colcon_core.package_identification:_identify(src) by extension 'colcon_meta'
[0.606s] Level 1:colcon.colcon_core.package_identification:_identify(src) by extensions ['ros']
[0.606s] Level 1:colcon.colcon_core.package_identification:_identify(src) by extension 'ros'
[0.606s] Level 1:colcon.colcon_core.package_identification:_identify(src) by extensions ['cmake', 'python']
[0.606s] Level 1:colcon.colcon_core.package_identification:_identify(src) by extension 'cmake'
[0.606s] Level 1:colcon.colcon_core.package_identification:_identify(src) by extension 'python'
[0.606s] Level 1:colcon.colcon_core.package_identification:_identify(src) by extensions ['python_setup_py']
[0.606s] Level 1:colcon.colcon_core.package_identification:_identify(src) by extension 'python_setup_py'
[0.606s] Level 1:colcon.colcon_core.package_identification:_identify(src/pubsub_template_uros) by extensions ['ignore', 'ignore_ament_install']
[0.606s] Level 1:colcon.colcon_core.package_identification:_identify(src/pubsub_template_uros) by extension 'ignore'
[0.607s] Level 1:colcon.colcon_core.package_identification:_identify(src/pubsub_template_uros) by extension 'ignore_ament_install'
[0.607s] Level 1:colcon.colcon_core.package_identification:_identify(src/pubsub_template_uros) by extensions ['colcon_pkg']
[0.607s] Level 1:colcon.colcon_core.package_identification:_identify(src/pubsub_template_uros) by extension 'colcon_pkg'
[0.607s] Level 1:colcon.colcon_core.package_identification:_identify(src/pubsub_template_uros) by extensions ['colcon_meta']
[0.607s] Level 1:colcon.colcon_core.package_identification:_identify(src/pubsub_template_uros) by extension 'colcon_meta'
[0.607s] Level 1:colcon.colcon_core.package_identification:_identify(src/pubsub_template_uros) by extensions ['ros']
[0.607s] Level 1:colcon.colcon_core.package_identification:_identify(src/pubsub_template_uros) by extension 'ros'
[0.612s] DEBUG:colcon.colcon_core.package_identification:Package 'src/pubsub_template_uros' with type 'ros.ament_cmake' and name 'pubsub_template_uros'
[0.612s] Level 1:colcon.colcon_core.package_discovery:discover_packages(recursive) using defaults
[0.612s] Level 1:colcon.colcon_core.package_discovery:discover_packages(ignore) discover
[0.612s] Level 1:colcon.colcon_core.package_discovery:discover_packages(ignore) using defaults
[0.612s] Level 1:colcon.colcon_core.package_discovery:discover_packages(path) discover
[0.612s] Level 1:colcon.colcon_core.package_discovery:discover_packages(path) using defaults
[0.660s] Level 1:colcon.colcon_core.package_discovery:discover_packages(prefix_path) check parameters
[0.660s] Level 1:colcon.colcon_core.package_discovery:discover_packages(prefix_path) discover
[0.666s] DEBUG:colcon.colcon_installed_package_information.package_discovery:Found 1 installed packages in /home/genesis/Desktop/pubsub_template_uros/install
[0.667s] DEBUG:colcon.colcon_installed_package_information.package_discovery:Found 270 installed packages in /opt/ros/humble
[0.670s] Level 1:colcon.colcon_core.package_discovery:discover_packages(prefix_path) using defaults
[0.727s] Level 5:colcon.colcon_core.verb:set package 'pubsub_template_uros' build argument 'cmake_args' from command line to 'None'
[0.727s] Level 5:colcon.colcon_core.verb:set package 'pubsub_template_uros' build argument 'cmake_target' from command line to 'None'
[0.727s] Level 5:colcon.colcon_core.verb:set package 'pubsub_template_uros' build argument 'cmake_target_skip_unavailable' from command line to 'False'
[0.727s] Level 5:colcon.colcon_core.verb:set package 'pubsub_template_uros' build argument 'cmake_clean_cache' from command line to 'False'
[0.727s] Level 5:colcon.colcon_core.verb:set package 'pubsub_template_uros' build argument 'cmake_clean_first' from command line to 'False'
[0.727s] Level 5:colcon.colcon_core.verb:set package 'pubsub_template_uros' build argument 'cmake_force_configure' from command line to 'False'
[0.727s] Level 5:colcon.colcon_core.verb:set package 'pubsub_template_uros' build argument 'ament_cmake_args' from command line to 'None'
[0.727s] Level 5:colcon.colcon_core.verb:set package 'pubsub_template_uros' build argument 'catkin_cmake_args' from command line to 'None'
[0.727s] Level 5:colcon.colcon_core.verb:set package 'pubsub_template_uros' build argument 'catkin_skip_building_tests' from command line to 'False'
[0.727s] DEBUG:colcon.colcon_core.verb:Building package 'pubsub_template_uros' with the following arguments: {'ament_cmake_args': None, 'build_base': '/home/genesis/Desktop/pubsub_template_uros/build/pubsub_template_uros', 'catkin_cmake_args': None, 'catkin_skip_building_tests': False, 'cmake_args': None, 'cmake_clean_cache': False, 'cmake_clean_first': False, 'cmake_force_configure': False, 'cmake_target': None, 'cmake_target_skip_unavailable': False, 'install_base': '/home/genesis/Desktop/pubsub_template_uros/install/pubsub_template_uros', 'merge_install': False, 'path': '/home/genesis/Desktop/pubsub_template_uros/src/pubsub_template_uros', 'symlink_install': True, 'test_result_base': None}
[0.727s] INFO:colcon.colcon_core.executor:Executing jobs using 'parallel' executor
[0.730s] DEBUG:colcon.colcon_parallel_executor.executor.parallel:run_until_complete
[0.730s] INFO:colcon.colcon_ros.task.ament_cmake.build:Building ROS package in '/home/genesis/Desktop/pubsub_template_uros/src/pubsub_template_uros' with build type 'ament_cmake'
[0.730s] INFO:colcon.colcon_cmake.task.cmake.build:Building CMake package in '/home/genesis/Desktop/pubsub_template_uros/src/pubsub_template_uros'
[0.736s] INFO:colcon.colcon_core.plugin_system:Skipping extension 'colcon_core.shell.bat': Not used on non-Windows systems
[0.736s] INFO:colcon.colcon_core.shell:Skip shell extension 'powershell' for command environment: Not usable outside of PowerShell
[0.736s] DEBUG:colcon.colcon_core.shell:Skip shell extension 'dsv' for command environment
[0.749s] DEBUG:colcon.colcon_core.event_handler.log_command:Invoking command in '/home/genesis/Desktop/pubsub_template_uros/build/pubsub_template_uros': CMAKE_PREFIX_PATH=${CMAKE_PREFIX_PATH}:/opt/ros/humble /usr/bin/cmake --build /home/genesis/Desktop/pubsub_template_uros/build/pubsub_template_uros -- -j4 -l4
[7.132s] DEBUG:colcon.colcon_core.event_handler.log_command:Invoked command in '/home/genesis/Desktop/pubsub_template_uros/build/pubsub_template_uros' returned '0': CMAKE_PREFIX_PATH=${CMAKE_PREFIX_PATH}:/opt/ros/humble /usr/bin/cmake --build /home/genesis/Desktop/pubsub_template_uros/build/pubsub_template_uros -- -j4 -l4
[7.150s] DEBUG:colcon.colcon_core.event_handler.log_command:Invoking command in '/home/genesis/Desktop/pubsub_template_uros/build/pubsub_template_uros': CMAKE_PREFIX_PATH=${CMAKE_PREFIX_PATH}:/opt/ros/humble /usr/bin/cmake --install /home/genesis/Desktop/pubsub_template_uros/build/pubsub_template_uros
[7.193s] Level 1:colcon.colcon_core.environment:create_environment_scripts_only(pubsub_template_uros)
[7.193s] DEBUG:colcon.colcon_core.event_handler.log_command:Invoked command in '/home/genesis/Desktop/pubsub_template_uros/build/pubsub_template_uros' returned '0': CMAKE_PREFIX_PATH=${CMAKE_PREFIX_PATH}:/opt/ros/humble /usr/bin/cmake --install /home/genesis/Desktop/pubsub_template_uros/build/pubsub_template_uros
[7.203s] Level 1:colcon.colcon_core.environment:checking '/home/genesis/Desktop/pubsub_template_uros/install/pubsub_template_uros' for CMake module files
[7.204s] Level 1:colcon.colcon_core.environment:checking '/home/genesis/Desktop/pubsub_template_uros/install/pubsub_template_uros' for CMake config files
[7.205s] Level 1:colcon.colcon_core.shell:create_environment_hook('pubsub_template_uros', 'cmake_prefix_path')
[7.205s] INFO:colcon.colcon_core.shell:Creating environment hook '/home/genesis/Desktop/pubsub_template_uros/install/pubsub_template_uros/share/pubsub_template_uros/hook/cmake_prefix_path.ps1'
[7.207s] INFO:colcon.colcon_core.shell:Creating environment descriptor '/home/genesis/Desktop/pubsub_template_uros/install/pubsub_template_uros/share/pubsub_template_uros/hook/cmake_prefix_path.dsv'
[7.208s] INFO:colcon.colcon_core.shell:Creating environment hook '/home/genesis/Desktop/pubsub_template_uros/install/pubsub_template_uros/share/pubsub_template_uros/hook/cmake_prefix_path.sh'
[7.210s] Level 1:colcon.colcon_core.environment:checking '/home/genesis/Desktop/pubsub_template_uros/install/pubsub_template_uros/lib'
[7.210s] Level 1:colcon.colcon_core.environment:checking '/home/genesis/Desktop/pubsub_template_uros/install/pubsub_template_uros/bin'
[7.210s] Level 1:colcon.colcon_core.environment:checking '/home/genesis/Desktop/pubsub_template_uros/install/pubsub_template_uros/lib/pkgconfig/pubsub_template_uros.pc'
[7.210s] Level 1:colcon.colcon_core.environment:checking '/home/genesis/Desktop/pubsub_template_uros/install/pubsub_template_uros/lib/python3.10/site-packages'
[7.211s] Level 1:colcon.colcon_core.environment:checking '/home/genesis/Desktop/pubsub_template_uros/install/pubsub_template_uros/bin'
[7.211s] INFO:colcon.colcon_core.shell:Creating package script '/home/genesis/Desktop/pubsub_template_uros/install/pubsub_template_uros/share/pubsub_template_uros/package.ps1'
[7.212s] INFO:colcon.colcon_core.shell:Creating package descriptor '/home/genesis/Desktop/pubsub_template_uros/install/pubsub_template_uros/share/pubsub_template_uros/package.dsv'
[7.213s] INFO:colcon.colcon_core.shell:Creating package script '/home/genesis/Desktop/pubsub_template_uros/install/pubsub_template_uros/share/pubsub_template_uros/package.sh'
[7.214s] INFO:colcon.colcon_core.shell:Creating package script '/home/genesis/Desktop/pubsub_template_uros/install/pubsub_template_uros/share/pubsub_template_uros/package.bash'
[7.216s] INFO:colcon.colcon_core.shell:Creating package script '/home/genesis/Desktop/pubsub_template_uros/install/pubsub_template_uros/share/pubsub_template_uros/package.zsh'
[7.217s] Level 1:colcon.colcon_core.environment:create_file_with_runtime_dependencies(/home/genesis/Desktop/pubsub_template_uros/install/pubsub_template_uros/share/colcon-core/packages/pubsub_template_uros)
[7.218s] Level 1:colcon.colcon_core.environment:create_environment_scripts_only(pubsub_template_uros)
[7.218s] Level 1:colcon.colcon_core.environment:checking '/home/genesis/Desktop/pubsub_template_uros/install/pubsub_template_uros' for CMake module files
[7.219s] Level 1:colcon.colcon_core.environment:checking '/home/genesis/Desktop/pubsub_template_uros/install/pubsub_template_uros' for CMake config files
[7.219s] Level 1:colcon.colcon_core.shell:create_environment_hook('pubsub_template_uros', 'cmake_prefix_path')
[7.220s] INFO:colcon.colcon_core.shell:Creating environment hook '/home/genesis/Desktop/pubsub_template_uros/install/pubsub_template_uros/share/pubsub_template_uros/hook/cmake_prefix_path.ps1'
[7.220s] INFO:colcon.colcon_core.shell:Creating environment descriptor '/home/genesis/Desktop/pubsub_template_uros/install/pubsub_template_uros/share/pubsub_template_uros/hook/cmake_prefix_path.dsv'
[7.221s] INFO:colcon.colcon_core.shell:Creating environment hook '/home/genesis/Desktop/pubsub_template_uros/install/pubsub_template_uros/share/pubsub_template_uros/hook/cmake_prefix_path.sh'
[7.221s] Level 1:colcon.colcon_core.environment:checking '/home/genesis/Desktop/pubsub_template_uros/install/pubsub_template_uros/lib'
[7.221s] Level 1:colcon.colcon_core.environment:checking '/home/genesis/Desktop/pubsub_template_uros/install/pubsub_template_uros/bin'
[7.222s] Level 1:colcon.colcon_core.environment:checking '/home/genesis/Desktop/pubsub_template_uros/install/pubsub_template_uros/lib/pkgconfig/pubsub_template_uros.pc'
[7.222s] Level 1:colcon.colcon_core.environment:checking '/home/genesis/Desktop/pubsub_template_uros/install/pubsub_template_uros/lib/python3.10/site-packages'
[7.222s] Level 1:colcon.colcon_core.environment:checking '/home/genesis/Desktop/pubsub_template_uros/install/pubsub_template_uros/bin'
[7.223s] INFO:colcon.colcon_core.shell:Creating package script '/home/genesis/Desktop/pubsub_template_uros/install/pubsub_template_uros/share/pubsub_template_uros/package.ps1'
[7.223s] INFO:colcon.colcon_core.shell:Creating package descriptor '/home/genesis/Desktop/pubsub_template_uros/install/pubsub_template_uros/share/pubsub_template_uros/package.dsv'
[7.224s] INFO:colcon.colcon_core.shell:Creating package script '/home/genesis/Desktop/pubsub_template_uros/install/pubsub_template_uros/share/pubsub_template_uros/package.sh'
[7.225s] INFO:colcon.colcon_core.shell:Creating package script '/home/genesis/Desktop/pubsub_template_uros/install/pubsub_template_uros/share/pubsub_template_uros/package.bash'
[7.225s] INFO:colcon.colcon_core.shell:Creating package script '/home/genesis/Desktop/pubsub_template_uros/install/pubsub_template_uros/share/pubsub_template_uros/package.zsh'
[7.226s] Level 1:colcon.colcon_core.environment:create_file_with_runtime_dependencies(/home/genesis/Desktop/pubsub_template_uros/install/pubsub_template_uros/share/colcon-core/packages/pubsub_template_uros)
[7.226s] DEBUG:colcon.colcon_parallel_executor.executor.parallel:closing loop
[7.227s] DEBUG:colcon.colcon_parallel_executor.executor.parallel:loop closed
[7.228s] DEBUG:colcon.colcon_parallel_executor.executor.parallel:run_until_complete finished with '0'
[7.228s] DEBUG:colcon.colcon_core.event_reactor:joining thread
[7.243s] INFO:colcon.colcon_core.plugin_system:Skipping extension 'colcon_notification.desktop_notification.terminal_notifier': Not used on non-Darwin systems
[7.243s] INFO:colcon.colcon_core.plugin_system:Skipping extension 'colcon_notification.desktop_notification.win32': Not used on non-Windows systems
[7.243s] INFO:colcon.colcon_notification.desktop_notification:Sending desktop notification using 'notify2'
[7.270s] DEBUG:colcon.colcon_core.event_reactor:joined thread
[7.271s] INFO:colcon.colcon_core.shell:Creating prefix script '/home/genesis/Desktop/pubsub_template_uros/install/local_setup.ps1'
[7.273s] INFO:colcon.colcon_core.shell:Creating prefix util module '/home/genesis/Desktop/pubsub_template_uros/install/_local_setup_util_ps1.py'
[7.278s] INFO:colcon.colcon_core.shell:Creating prefix chain script '/home/genesis/Desktop/pubsub_template_uros/install/setup.ps1'
[7.283s] INFO:colcon.colcon_core.shell:Creating prefix script '/home/genesis/Desktop/pubsub_template_uros/install/local_setup.sh'
[7.289s] INFO:colcon.colcon_core.shell:Creating prefix util module '/home/genesis/Desktop/pubsub_template_uros/install/_local_setup_util_sh.py'
[7.291s] INFO:colcon.colcon_core.shell:Creating prefix chain script '/home/genesis/Desktop/pubsub_template_uros/install/setup.sh'
[7.294s] INFO:colcon.colcon_core.shell:Creating prefix script '/home/genesis/Desktop/pubsub_template_uros/install/local_setup.bash'
[7.295s] INFO:colcon.colcon_core.shell:Creating prefix chain script '/home/genesis/Desktop/pubsub_template_uros/install/setup.bash'
[7.298s] INFO:colcon.colcon_core.shell:Creating prefix script '/home/genesis/Desktop/pubsub_template_uros/install/local_setup.zsh'
[7.300s] INFO:colcon.colcon_core.shell:Creating prefix chain script '/home/genesis/Desktop/pubsub_template_uros/install/setup.zsh'
